Time: 2021-08-08 03:31:45
BEST LIST
* IoU: 
 background: 99.61   deeplabv3p, zzy, 2021.08.07
 farmland: 76.56   deeplabv3p, zzy, 2021.08.07
 city: 46.87   deeplabv3p, zzy, 2021.08.07
 village: 44.57   deeplabv3p, zzy, 2021.08.07
 water: 67.39   deeplabv3p, zzy, 2021.08.07
 forest: 85.09   deeplabv3p, zzy, 2021.08.07
 grass: 10.67   deeplabv3p, zzy, 2021.08.07
 road: 37.51   deeplabv3p, zzy, 2021.08.07
 others: 0.13   deeplabv3p, zzy, 2021.08.07
* mIoU: 52.04   deeplabv3p, zzy, 2021.08.07
* Acc: 
 background: 99.67   deeplabv3p, zzy, 2021.08.07
 farmland: 86.09   deeplabv3p, zzy, 2021.08.07
 city: 62.35   deeplabv3p, zzy, 2021.08.07
 village: 57.19   deeplabv3p, zzy, 2021.08.07
 water: 79.14   deeplabv3p, zzy, 2021.08.07
 forest: 94.58   deeplabv3p, zzy, 2021.08.07
 grass: 13.66   deeplabv3p, zzy, 2021.08.07
 road: 52.04   deeplabv3p, zzy, 2021.08.07
 others: 0.63   deeplabv3p, zzy, 2021.08.07
* mAcc: 60.6   deeplabv3p, zzy, 2021.08.07
* aAcc: 86.34   deeplabv3p, zzy, 2021.08.07
