Time: 2021-08-17 12:23:24
BEST LIST
* IoU: 
 background: 99.78   deeplabv3p_ce_di_classweight, zzy, 2021.08.15
 farmland: 77.36   upernet-swin_transformer, zjn, 2021.08.08
 city: 52.89   upernet-swin_transformer, zjn, 2021.08.08
 village: 47.07   upernet-swin_ce_ll+classweight, zjn, 2021.08.17
 water: 68.89   upernet-swin_LovaszLoss, zjn, 2021.08.09
 forest: 85.63   upernet-swin_ce_ll+classweight, zjn, 2021.08.17
 grass: 13.93   upernet-swin_ce_ll+classweight, zjn, 2021.08.17
 road: 39.26   upernet-swin_ce_ll+classweight, zjn, 2021.08.17
 others: 3.84   upernet-swin_ce_ll+classweight, zjn, 2021.08.17
* mIoU: 54.07   upernet-swin_ce_ll+classweight, zjn, 2021.08.17
* Acc: 
 background: 99.9   deeplabv3p_lovazloss, zzy, 2021.08.07
 farmland: 87.76   upernet-swin_transformer, zjn, 2021.08.08
 city: 77.85   upernet-swin_ce_ll+classweight, zjn, 2021.08.17
 village: 69.65   upernet-swin_LovaszLoss, zjn, 2021.08.09
 water: 81.11   upernet-swin_transformer, zjn, 2021.08.08
 forest: 94.76   deeplabv3p_ce_di_classweight, zzy, 2021.08.15
 grass: 35.58   deeplabv3p_lovazloss, zzy, 2021.08.07
 road: 69.08   deeplabv3p_lovazloss, zzy, 2021.08.07
 others: 6.77   upernet-swin_ce_ll+classweight, zjn, 2021.08.17
* mAcc: 64.8   upernet-swin_ce_ll+classweight, zjn, 2021.08.17
* aAcc: 86.91   upernet-swin_transformer, zjn, 2021.08.08
----------------------------------------------------
Full Marks: 21
deeplabv3p_lovazloss,zzy,2021.08.07:   3
upernet-swin_ce_ll+classweight,zjn,2021.08.17:   9
deeplabv3p_ce_di_classweight,zzy,2021.08.15:   2
upernet-swin_transformer,zjn,2021.08.08:   5
deeplabv3p,zzy,2021.08.07:   0
upernet-swin_LovaszLoss,zjn,2021.08.09:   3
deeplabv3p_ce_ll_classweight,zzy,2021.08.12:   0