Time: 2021-08-12 10:48:09
BEST LIST
* IoU: 
 background: 99.73   deeplabv3p_lovazloss, zzy, 2021.08.07
 farmland: 77.36   upernet-swin_transformer, zjn, 2021.08.08
 city: 52.89   upernet-swin_transformer, zjn, 2021.08.08
 village: 45.73   upernet-swin_transformer, zjn, 2021.08.08
 water: 68.89   upernet-swin_LovaszLoss, zjn, 2021.08.09
 forest: 85.53   upernet-swin_transformer, zjn, 2021.08.08
 grass: 12.85   deeplabv3p_ce_ll_classweight, zzy, 2021.08.12
 road: 39.03   upernet-swin_transformer, zjn, 2021.08.08
 others: 2.56   upernet-swin_transformer, zjn, 2021.08.08
* mIoU: 53.41   upernet-swin_transformer, zjn, 2021.08.08
* Acc: 
 background: 99.9   deeplabv3p_lovazloss, zzy, 2021.08.07
 farmland: 87.76   upernet-swin_transformer, zjn, 2021.08.08
 city: 72.91   deeplabv3p_ce_ll_classweight, zzy, 2021.08.12
 village: 69.65   upernet-swin_LovaszLoss, zjn, 2021.08.09
 water: 81.11   upernet-swin_transformer, zjn, 2021.08.08
 forest: 94.58   deeplabv3p, zzy, 2021.08.07
 grass: 35.58   deeplabv3p_lovazloss, zzy, 2021.08.07
 road: 69.08   deeplabv3p_lovazloss, zzy, 2021.08.07
 others: 6.6   deeplabv3p_ce_ll_classweight, zzy, 2021.08.12
* mAcc: 64.78   upernet-swin_LovaszLoss, zjn, 2021.08.09
* aAcc: 86.91   upernet-swin_transformer, zjn, 2021.08.08
----------------------------------------------------
Full Marks: 21
deeplabv3p_lovazloss,zzy,2021.08.07:   4
upernet-swin_transformer,zjn,2021.08.08:   10
deeplabv3p,zzy,2021.08.07:   1
upernet-swin_LovaszLoss,zjn,2021.08.09:   4
deeplabv3p_ce_ll_classweight,zzy,2021.08.12:   3